have_func: checking for rb_array_const_ptr() in ruby.h... -------------------- yes

"clang -o conftest -I/Users/shekharrajak/.rbenv/versions/2.5.3/include/ruby-2.5.0/x86_64-darwin17 -I/Users/shekharrajak/.rbenv/versions/2.5.3/include/ruby-2.5.0/ruby/backward -I/Users/shekharrajak/.rbenv/versions/2.5.3/include/ruby-2.5.0 -I../../../../ext -I/Users/shekharrajak/.rbenv/versions/2.5.3/include  -D_XOPEN_SOURCE -D_DARWIN_C_SOURCE -D_DARWIN_UNLIMITED_SELECT -D_REENTRANT   -O3 -ggdb3 -Wall -Wextra -Wno-unused-parameter -Wno-parentheses -Wno-long-long -Wno-missing-field-initializers -Wno-tautological-compare -Wno-parentheses-equality -Wno-constant-logical-operand -Wno-self-assign -Wunused-variable -Wimplicit-int -Wpointer-arith -Wwrite-strings -Wdeclaration-after-statement -Wshorten-64-to-32 -Wimplicit-function-declaration -Wdivision-by-zero -Wdeprecated-declarations -Wextra-tokens  -pipe -O3 -std=c99 conftest.c  -L. -L/Users/shekharrajak/.rbenv/versions/2.5.3/lib -L. -L/Users/shekharrajak/.rbenv/versions/2.5.3/lib  -fstack-protector -L/usr/local/lib     -lruby.2.5.3-static -framework Foundation  -lpthread -lgmp -ldl -lobjc "
ld: warning: text-based stub file /System/Library/Frameworks//Foundation.framework/Foundation.tbd and library file /System/Library/Frameworks//Foundation.framework/Foundation are out of sync. Falling back to library file for linking.
ld: warning: text-based stub file /System/Library/Frameworks//CoreFoundation.framework/Versions/A/CoreFoundation.tbd and library file /System/Library/Frameworks//CoreFoundation.framework/Versions/A/CoreFoundation are out of sync. Falling back to library file for linking.
checked program was:
/* begin */
1: #include "ruby.h"
2: 
3: int main(int argc, char **argv)
4: {
5:   return 0;
6: }
/* end */

"clang -o conftest -I/Users/shekharrajak/.rbenv/versions/2.5.3/include/ruby-2.5.0/x86_64-darwin17 -I/Users/shekharrajak/.rbenv/versions/2.5.3/include/ruby-2.5.0/ruby/backward -I/Users/shekharrajak/.rbenv/versions/2.5.3/include/ruby-2.5.0 -I../../../../ext -I/Users/shekharrajak/.rbenv/versions/2.5.3/include  -D_XOPEN_SOURCE -D_DARWIN_C_SOURCE -D_DARWIN_UNLIMITED_SELECT -D_REENTRANT   -O3 -ggdb3 -Wall -Wextra -Wno-unused-parameter -Wno-parentheses -Wno-long-long -Wno-missing-field-initializers -Wno-tautological-compare -Wno-parentheses-equality -Wno-constant-logical-operand -Wno-self-assign -Wunused-variable -Wimplicit-int -Wpointer-arith -Wwrite-strings -Wdeclaration-after-statement -Wshorten-64-to-32 -Wimplicit-function-declaration -Wdivision-by-zero -Wdeprecated-declarations -Wextra-tokens  -pipe -O3 -std=c99 conftest.c  -L. -L/Users/shekharrajak/.rbenv/versions/2.5.3/lib -L. -L/Users/shekharrajak/.rbenv/versions/2.5.3/lib  -fstack-protector -L/usr/local/lib     -lruby.2.5.3-static -framework Foundation  -lpthread -lgmp -ldl -lobjc "
ld: warning: text-based stub file /System/Library/Frameworks//Foundation.framework/Foundation.tbd and library file /System/Library/Frameworks//Foundation.framework/Foundation are out of sync. Falling back to library file for linking.
ld: warning: text-based stub file /System/Library/Frameworks//CoreFoundation.framework/Versions/A/CoreFoundation.tbd and library file /System/Library/Frameworks//CoreFoundation.framework/Versions/A/CoreFoundation are out of sync. Falling back to library file for linking.
checked program was:
/* begin */
 1: #include "ruby.h"
 2: 
 3: #include <ruby.h>
 4: 
 5: /*top*/
 6: extern int t(void);
 7: int main(int argc, char **argv)
 8: {
 9:   if (argc > 1000000) {
10:     printf("%p", &t);
11:   }
12: 
13:   return 0;
14: }
15: int t(void) { void ((*volatile p)()); p = (void ((*)()))rb_array_const_ptr; return !p; }
/* end */

--------------------

have_macro: checking for FIX_CONST_VALUE_PTR in ruby.h... -------------------- yes

"clang -I/Users/shekharrajak/.rbenv/versions/2.5.3/include/ruby-2.5.0/x86_64-darwin17 -I/Users/shekharrajak/.rbenv/versions/2.5.3/include/ruby-2.5.0/ruby/backward -I/Users/shekharrajak/.rbenv/versions/2.5.3/include/ruby-2.5.0 -I../../../../ext -I/Users/shekharrajak/.rbenv/versions/2.5.3/include  -D_XOPEN_SOURCE -D_DARWIN_C_SOURCE -D_DARWIN_UNLIMITED_SELECT -D_REENTRANT   -O3 -ggdb3 -Wall -Wextra -Wno-unused-parameter -Wno-parentheses -Wno-long-long -Wno-missing-field-initializers -Wno-tautological-compare -Wno-parentheses-equality -Wno-constant-logical-operand -Wno-self-assign -Wunused-variable -Wimplicit-int -Wpointer-arith -Wwrite-strings -Wdeclaration-after-statement -Wshorten-64-to-32 -Wimplicit-function-declaration -Wdivision-by-zero -Wdeprecated-declarations -Wextra-tokens  -pipe -O3 -std=c99   -c conftest.c"
checked program was:
/* begin */
1: #include "ruby.h"
2: 
3: #include <ruby.h>
4: /*top*/
5: #ifndef FIX_CONST_VALUE_PTR
6: # error
7: |:/ === FIX_CONST_VALUE_PTR undefined === /:|
8: #endif
/* end */

--------------------

have_macro: checking for RARRAY_CONST_PTR in ruby.h... -------------------- yes

"clang -I/Users/shekharrajak/.rbenv/versions/2.5.3/include/ruby-2.5.0/x86_64-darwin17 -I/Users/shekharrajak/.rbenv/versions/2.5.3/include/ruby-2.5.0/ruby/backward -I/Users/shekharrajak/.rbenv/versions/2.5.3/include/ruby-2.5.0 -I../../../../ext -I/Users/shekharrajak/.rbenv/versions/2.5.3/include  -D_XOPEN_SOURCE -D_DARWIN_C_SOURCE -D_DARWIN_UNLIMITED_SELECT -D_REENTRANT   -O3 -ggdb3 -Wall -Wextra -Wno-unused-parameter -Wno-parentheses -Wno-long-long -Wno-missing-field-initializers -Wno-tautological-compare -Wno-parentheses-equality -Wno-constant-logical-operand -Wno-self-assign -Wunused-variable -Wimplicit-int -Wpointer-arith -Wwrite-strings -Wdeclaration-after-statement -Wshorten-64-to-32 -Wimplicit-function-declaration -Wdivision-by-zero -Wdeprecated-declarations -Wextra-tokens  -pipe -O3 -std=c99   -c conftest.c"
checked program was:
/* begin */
1: #include "ruby.h"
2: 
3: #include <ruby.h>
4: /*top*/
5: #ifndef RARRAY_CONST_PTR
6: # error
7: |:/ === RARRAY_CONST_PTR undefined === /:|
8: #endif
/* end */

--------------------

have_macro: checking for RARRAY_AREF in ruby.h... -------------------- yes

"clang -I/Users/shekharrajak/.rbenv/versions/2.5.3/include/ruby-2.5.0/x86_64-darwin17 -I/Users/shekharrajak/.rbenv/versions/2.5.3/include/ruby-2.5.0/ruby/backward -I/Users/shekharrajak/.rbenv/versions/2.5.3/include/ruby-2.5.0 -I../../../../ext -I/Users/shekharrajak/.rbenv/versions/2.5.3/include  -D_XOPEN_SOURCE -D_DARWIN_C_SOURCE -D_DARWIN_UNLIMITED_SELECT -D_REENTRANT   -O3 -ggdb3 -Wall -Wextra -Wno-unused-parameter -Wno-parentheses -Wno-long-long -Wno-missing-field-initializers -Wno-tautological-compare -Wno-parentheses-equality -Wno-constant-logical-operand -Wno-self-assign -Wunused-variable -Wimplicit-int -Wpointer-arith -Wwrite-strings -Wdeclaration-after-statement -Wshorten-64-to-32 -Wimplicit-function-declaration -Wdivision-by-zero -Wdeprecated-declarations -Wextra-tokens  -pipe -O3 -std=c99   -c conftest.c"
checked program was:
/* begin */
1: #include "ruby.h"
2: 
3: #include <ruby.h>
4: /*top*/
5: #ifndef RARRAY_AREF
6: # error
7: |:/ === RARRAY_AREF undefined === /:|
8: #endif
/* end */

--------------------

have_library: checking for -lblas... -------------------- yes

"clang -o conftest -I/Users/shekharrajak/.rbenv/versions/2.5.3/include/ruby-2.5.0/x86_64-darwin17 -I/Users/shekharrajak/.rbenv/versions/2.5.3/include/ruby-2.5.0/ruby/backward -I/Users/shekharrajak/.rbenv/versions/2.5.3/include/ruby-2.5.0 -I../../../../ext -I/opt/local/include -I/usr/local/include -I/usr/include -Wall -Werror=return-type -I/Users/shekharrajak/.rbenv/versions/2.5.3/include  -D_XOPEN_SOURCE -D_DARWIN_C_SOURCE -D_DARWIN_UNLIMITED_SELECT -D_REENTRANT   -Wall -Werror=return-type -O3 -ggdb3 -Wall -Wextra -Wno-unused-parameter -Wno-parentheses -Wno-long-long -Wno-missing-field-initializers -Wno-tautological-compare -Wno-parentheses-equality -Wno-constant-logical-operand -Wno-self-assign -Wunused-variable -Wimplicit-int -Wpointer-arith -Wwrite-strings -Wdeclaration-after-statement -Wshorten-64-to-32 -Wimplicit-function-declaration -Wdivision-by-zero -Wdeprecated-declarations -Wextra-tokens  -pipe -O3 -std=c99 conftest.c  -L. -L/Users/shekharrajak/.rbenv/versions/2.5.3/lib -L/opt/local/lib -L/usr/local/lib -L/Users/shekharrajak/.rbenv/versions/2.5.3/lib -L/usr/lib -L. -L/Users/shekharrajak/.rbenv/versions/2.5.3/lib  -fstack-protector -L/usr/local/lib     -lruby.2.5.3-static -framework Foundation -lblas  -lpthread -lgmp -ldl -lobjc "
ld: warning: text-based stub file /System/Library/Frameworks//Foundation.framework/Foundation.tbd and library file /System/Library/Frameworks//Foundation.framework/Foundation are out of sync. Falling back to library file for linking.
ld: warning: text-based stub file /System/Library/Frameworks//CoreFoundation.framework/Versions/A/CoreFoundation.tbd and library file /System/Library/Frameworks//CoreFoundation.framework/Versions/A/CoreFoundation are out of sync. Falling back to library file for linking.
checked program was:
/* begin */
 1: #include "ruby.h"
 2: 
 3: /*top*/
 4: extern int t(void);
 5: int main(int argc, char **argv)
 6: {
 7:   if (argc > 1000000) {
 8:     printf("%p", &t);
 9:   }
10: 
11:   return 0;
12: }
13: 
14: int t(void) { ; return 0; }
/* end */

--------------------

